2021-12-11T08:04:16+00:00 CRITICAL Uncaught Error: Call to a member function have_posts() on null in /var/www/eliteShop/wp-content/themes/flatsome-child/template-parts/posts/layout-right-sidebar.php:15
Stack trace:
#0 /var/www/eliteShop/wp-includes/template.php(725): require()
#1 /var/www/eliteShop/wp-includes/template.php(672): load_template('/var/www/eliteS...', false)
#2 /var/www/eliteShop/wp-includes/general-template.php(168): locate_template(Array, true, false)
#3 /var/www/eliteShop/wp-content/themes/flatsome/index.php(13): get_template_part('template-parts/...', 'right-sidebar')
#4 /var/www/eliteShop/wp-includes/template-loader.php(106): include('/var/www/eliteS...')
#5 /var/www/eliteShop/wp-blog-header.php(19): require_once('/var/www/eliteS...')
#6 /var/www/eliteShop/index.php(17): require('/var/www/eliteS...')
#7 {main}
  thrown in /var/www/eliteShop/wp-content/themes/flatsome-child/template-parts/posts/layout-right-sidebar.php on line 15

2021-12-11T08:44:30+00:00 CRITICAL Uncaught Error: Call to a member function have_posts() on null in /var/www/eliteShop/wp-content/themes/flatsome-child/template-parts/posts/layout-right-sidebar.php:15
Stack trace:
#0 /var/www/eliteShop/wp-includes/template.php(725): require()
#1 /var/www/eliteShop/wp-includes/template.php(672): load_template('/var/www/eliteS...', false)
#2 /var/www/eliteShop/wp-includes/general-template.php(168): locate_template(Array, true, false)
#3 /var/www/eliteShop/wp-content/themes/flatsome/index.php(13): get_template_part('template-parts/...', 'right-sidebar')
#4 /var/www/eliteShop/wp-includes/template-loader.php(106): include('/var/www/eliteS...')
#5 /var/www/eliteShop/wp-blog-header.php(19): require_once('/var/www/eliteS...')
#6 /var/www/eliteShop/index.php(17): require('/var/www/eliteS...')
#7 {main}
  thrown in /var/www/eliteShop/wp-content/themes/flatsome-child/template-parts/posts/layout-right-sidebar.php on line 15

2021-12-11T12:15:59+00:00 CRITICAL Uncaught Error: Call to a member function have_posts() on null in /var/www/eliteShop/wp-content/themes/flatsome-child/template-parts/posts/layout-right-sidebar.php:15
Stack trace:
#0 /var/www/eliteShop/wp-includes/template.php(725): require()
#1 /var/www/eliteShop/wp-includes/template.php(672): load_template('/var/www/eliteS...', false)
#2 /var/www/eliteShop/wp-includes/general-template.php(168): locate_template(Array, true, false)
#3 /var/www/eliteShop/wp-content/themes/flatsome/index.php(13): get_template_part('template-parts/...', 'right-sidebar')
#4 /var/www/eliteShop/wp-includes/template-loader.php(106): include('/var/www/eliteS...')
#5 /var/www/eliteShop/wp-blog-header.php(19): require_once('/var/www/eliteS...')
#6 /var/www/eliteShop/index.php(17): require('/var/www/eliteS...')
#7 {main}
  thrown in /var/www/eliteShop/wp-content/themes/flatsome-child/template-parts/posts/layout-right-sidebar.php on line 15

2021-12-11T21:07:02+00:00 CRITICAL Uncaught Error: Call to a member function have_posts() on null in /var/www/eliteShop/wp-content/themes/flatsome-child/template-parts/posts/layout-right-sidebar.php:15
Stack trace:
#0 /var/www/eliteShop/wp-includes/template.php(725): require()
#1 /var/www/eliteShop/wp-includes/template.php(672): load_template('/var/www/eliteS...', false)
#2 /var/www/eliteShop/wp-includes/general-template.php(168): locate_template(Array, true, false)
#3 /var/www/eliteShop/wp-content/themes/flatsome/index.php(13): get_template_part('template-parts/...', 'right-sidebar')
#4 /var/www/eliteShop/wp-includes/template-loader.php(106): include('/var/www/eliteS...')
#5 /var/www/eliteShop/wp-blog-header.php(19): require_once('/var/www/eliteS...')
#6 /var/www/eliteShop/index.php(17): require('/var/www/eliteS...')
#7 {main}
  thrown in /var/www/eliteShop/wp-content/themes/flatsome-child/template-parts/posts/layout-right-sidebar.php on line 15

2021-12-11T22:40:24+00:00 CRITICAL Uncaught Error: Call to a member function have_posts() on null in /var/www/eliteShop/wp-content/themes/flatsome-child/template-parts/posts/layout-right-sidebar.php:15
Stack trace:
#0 /var/www/eliteShop/wp-includes/template.php(725): require()
#1 /var/www/eliteShop/wp-includes/template.php(672): load_template('/var/www/eliteS...', false)
#2 /var/www/eliteShop/wp-includes/general-template.php(168): locate_template(Array, true, false)
#3 /var/www/eliteShop/wp-content/themes/flatsome/index.php(13): get_template_part('template-parts/...', 'right-sidebar')
#4 /var/www/eliteShop/wp-includes/template-loader.php(106): include('/var/www/eliteS...')
#5 /var/www/eliteShop/wp-blog-header.php(19): require_once('/var/www/eliteS...')
#6 /var/www/eliteShop/index.php(17): require('/var/www/eliteS...')
#7 {main}
  thrown in /var/www/eliteShop/wp-content/themes/flatsome-child/template-parts/posts/layout-right-sidebar.php on line 15

