2020-04-02T01:49:44+00:00 CRITICAL Cannot declare class Flatsome_Default, because the name is already in use in C:\xampp\htdocs\eliteShop\wp-content\themes\flatsome\inc\classes\class-flatsome-default.php on line 18

2020-04-02T01:50:44+00:00 CRITICAL Cannot declare class Flatsome_Default, because the name is already in use in C:\xampp\htdocs\eliteShop\wp-content\themes\flatsome\inc\classes\class-flatsome-default.php on line 18

2020-04-02T01:50:44+00:00 CRITICAL Cannot declare class Flatsome_Default, because the name is already in use in C:\xampp\htdocs\eliteShop\wp-content\themes\flatsome\inc\classes\class-flatsome-default.php on line 18

2020-04-02T01:52:44+00:00 CRITICAL Cannot declare class Flatsome_Default, because the name is already in use in C:\xampp\htdocs\eliteShop\wp-content\themes\flatsome\inc\classes\class-flatsome-default.php on line 18

2020-04-02T01:52:44+00:00 CRITICAL Cannot declare class Flatsome_Default, because the name is already in use in C:\xampp\htdocs\eliteShop\wp-content\themes\flatsome\inc\classes\class-flatsome-default.php on line 18

2020-04-02T01:54:44+00:00 CRITICAL Cannot declare class Flatsome_Default, because the name is already in use in C:\xampp\htdocs\eliteShop\wp-content\themes\flatsome\inc\classes\class-flatsome-default.php on line 18

2020-04-02T01:54:44+00:00 CRITICAL Cannot declare class Flatsome_Default, because the name is already in use in C:\xampp\htdocs\eliteShop\wp-content\themes\flatsome\inc\classes\class-flatsome-default.php on line 18

2020-04-02T01:56:44+00:00 CRITICAL Cannot declare class Flatsome_Default, because the name is already in use in C:\xampp\htdocs\eliteShop\wp-content\themes\flatsome\inc\classes\class-flatsome-default.php on line 18

2020-04-02T01:56:44+00:00 CRITICAL Cannot declare class Flatsome_Default, because the name is already in use in C:\xampp\htdocs\eliteShop\wp-content\themes\flatsome\inc\classes\class-flatsome-default.php on line 18

2020-04-02T01:58:44+00:00 CRITICAL Cannot declare class Flatsome_Default, because the name is already in use in C:\xampp\htdocs\eliteShop\wp-content\themes\flatsome\inc\classes\class-flatsome-default.php on line 18

2020-04-02T01:58:44+00:00 CRITICAL Cannot declare class Flatsome_Default, because the name is already in use in C:\xampp\htdocs\eliteShop\wp-content\themes\flatsome\inc\classes\class-flatsome-default.php on line 18

2020-04-02T02:08:18+00:00 CRITICAL Cannot declare class Flatsome_Default, because the name is already in use in C:\xampp\htdocs\eliteShop\wp-content\themes\flatsome\inc\classes\class-flatsome-default.php on line 18

2020-04-02T02:08:18+00:00 CRITICAL Cannot declare class Flatsome_Default, because the name is already in use in C:\xampp\htdocs\eliteShop\wp-content\themes\flatsome\inc\classes\class-flatsome-default.php on line 18

2020-04-02T02:10:19+00:00 CRITICAL Cannot declare class Flatsome_Default, because the name is already in use in C:\xampp\htdocs\eliteShop\wp-content\themes\flatsome\inc\classes\class-flatsome-default.php on line 18

2020-04-02T02:12:20+00:00 CRITICAL Cannot declare class Flatsome_Default, because the name is already in use in C:\xampp\htdocs\eliteShop\wp-content\themes\flatsome\inc\classes\class-flatsome-default.php on line 18

2020-04-02T02:12:20+00:00 CRITICAL Cannot declare class Flatsome_Default, because the name is already in use in C:\xampp\htdocs\eliteShop\wp-content\themes\flatsome\inc\classes\class-flatsome-default.php on line 18

2020-04-02T02:13:22+00:00 CRITICAL Cannot declare class Flatsome_Default, because the name is already in use in C:\xampp\htdocs\eliteShop\wp-content\themes\flatsome\inc\classes\class-flatsome-default.php on line 18

2020-04-02T02:13:22+00:00 CRITICAL Cannot declare class Flatsome_Default, because the name is already in use in C:\xampp\htdocs\eliteShop\wp-content\themes\flatsome\inc\classes\class-flatsome-default.php on line 18

2020-04-02T02:13:27+00:00 CRITICAL Cannot declare class Flatsome_Default, because the name is already in use in C:\xampp\htdocs\eliteShop\wp-content\themes\flatsome\inc\classes\class-flatsome-default.php on line 18

2020-04-02T02:13:39+00:00 CRITICAL Cannot declare class Flatsome_Default, because the name is already in use in C:\xampp\htdocs\eliteShop\wp-content\themes\flatsome\inc\classes\class-flatsome-default.php on line 18

2020-04-02T02:14:23+00:00 CRITICAL Cannot declare class Flatsome_Default, because the name is already in use in C:\xampp\htdocs\eliteShop\wp-content\themes\flatsome\inc\classes\class-flatsome-default.php on line 18

2020-04-02T02:14:23+00:00 CRITICAL Cannot declare class Flatsome_Default, because the name is already in use in C:\xampp\htdocs\eliteShop\wp-content\themes\flatsome\inc\classes\class-flatsome-default.php on line 18

2020-04-02T02:16:22+00:00 CRITICAL Cannot declare class Flatsome_Default, because the name is already in use in C:\xampp\htdocs\eliteShop\wp-content\themes\flatsome\inc\classes\class-flatsome-default.php on line 18

2020-04-02T02:16:22+00:00 CRITICAL Cannot declare class Flatsome_Default, because the name is already in use in C:\xampp\htdocs\eliteShop\wp-content\themes\flatsome\inc\classes\class-flatsome-default.php on line 18

2020-04-02T02:17:24+00:00 CRITICAL Cannot declare class Flatsome_Default, because the name is already in use in C:\xampp\htdocs\eliteShop\wp-content\themes\flatsome\inc\classes\class-flatsome-default.php on line 18

2020-04-02T02:18:23+00:00 CRITICAL Cannot declare class Flatsome_Default, because the name is already in use in C:\xampp\htdocs\eliteShop\wp-content\themes\flatsome\inc\classes\class-flatsome-default.php on line 18

2020-04-02T02:18:23+00:00 CRITICAL Cannot declare class Flatsome_Default, because the name is already in use in C:\xampp\htdocs\eliteShop\wp-content\themes\flatsome\inc\classes\class-flatsome-default.php on line 18

2020-04-02T02:20:22+00:00 CRITICAL Cannot declare class Flatsome_Default, because the name is already in use in C:\xampp\htdocs\eliteShop\wp-content\themes\flatsome\inc\classes\class-flatsome-default.php on line 18

2020-04-02T02:20:23+00:00 CRITICAL Cannot declare class Flatsome_Default, because the name is already in use in C:\xampp\htdocs\eliteShop\wp-content\themes\flatsome\inc\classes\class-flatsome-default.php on line 18

2020-04-02T02:22:21+00:00 CRITICAL Cannot declare class Flatsome_Default, because the name is already in use in C:\xampp\htdocs\eliteShop\wp-content\themes\flatsome\inc\classes\class-flatsome-default.php on line 18

2020-04-02T02:29:56+00:00 CRITICAL syntax error, unexpected ''img'' (T_CONSTANT_ENCAPSED_STRING), expecting ')' in C:\xampp\htdocs\eliteShop\wp-content\themes\flatsome-child\functions.php on line 49

2020-04-02T02:52:06+00:00 CRITICAL Uncaught Error: Call to undefined function vvar_dump() in C:\xampp\htdocs\eliteShop\wp-content\themes\flatsome-child\functions.php:68
Stack trace:
#0 C:\xampp\htdocs\eliteShop\wp-includes\shortcodes.php(343): ux_builder_box_banner_func(Array, '', 'box_banner')
#1 [internal function]: do_shortcode_tag(Array)
#2 C:\xampp\htdocs\eliteShop\wp-includes\shortcodes.php(218): preg_replace_callback('/\\[(\\[?)(box_ba...', 'do_shortcode_ta...', '<div class="col...')
#3 C:\xampp\htdocs\eliteShop\wp-content\themes\flatsome\inc\helpers\helpers-shortcode.php(203): do_shortcode('<div class="col...')
#4 C:\xampp\htdocs\eliteShop\wp-content\themes\flatsome\inc\shortcodes\row.php(181): flatsome_contentfix('<div class="col...')
#5 C:\xampp\htdocs\eliteShop\wp-includes\shortcodes.php(343): ux_col(Array, '\n\n[box_banner t...', 'col')
#6 [internal function]: do_shortcode_tag(Array)
#7 C:\xampp\htdocs\eliteShop\wp-includes\shortcodes.php(218): preg_replace_callback('/\\[(\\[?)(box_ba...', 'do_shortcode_ta...', '\n\n[col span="6".. in C:\xampp\htdocs\eliteShop\wp-content\themes\flatsome-child\functions.php on line 68

2020-04-02T03:10:12+00:00 CRITICAL syntax error, unexpected '$title' (T_VARIABLE), expecting ',' or ';' in C:\xampp\htdocs\eliteShop\wp-content\themes\flatsome-child\functions.php on line 65

2020-04-02T03:10:12+00:00 CRITICAL syntax error, unexpected '$title' (T_VARIABLE), expecting ',' or ';' in C:\xampp\htdocs\eliteShop\wp-content\themes\flatsome-child\functions.php on line 65

2020-04-02T03:10:12+00:00 CRITICAL syntax error, unexpected '$title' (T_VARIABLE), expecting ',' or ';' in C:\xampp\htdocs\eliteShop\wp-content\themes\flatsome-child\functions.php on line 65

2020-04-02T03:16:40+00:00 CRITICAL Cannot redeclare ux_builder_box_banner_ele() (previously declared in C:\xampp\htdocs\eliteShop\wp-content\themes\flatsome-child\functions.php:20) in C:\xampp\htdocs\eliteShop\wp-content\themes\flatsome-child\functions.php on line 107

2020-04-02T03:16:40+00:00 CRITICAL Cannot redeclare ux_builder_box_banner_ele() (previously declared in C:\xampp\htdocs\eliteShop\wp-content\themes\flatsome-child\functions.php:20) in C:\xampp\htdocs\eliteShop\wp-content\themes\flatsome-child\functions.php on line 107

2020-04-02T03:18:41+00:00 CRITICAL Cannot redeclare ux_builder_box_banner_ele() (previously declared in C:\xampp\htdocs\eliteShop\wp-content\themes\flatsome-child\functions.php:20) in C:\xampp\htdocs\eliteShop\wp-content\themes\flatsome-child\functions.php on line 107

2020-04-02T03:18:41+00:00 CRITICAL Cannot redeclare ux_builder_box_banner_ele() (previously declared in C:\xampp\htdocs\eliteShop\wp-content\themes\flatsome-child\functions.php:20) in C:\xampp\htdocs\eliteShop\wp-content\themes\flatsome-child\functions.php on line 107

2020-04-02T03:20:00+00:00 CRITICAL Cannot redeclare ux_builder_box_banner_ele() (previously declared in C:\xampp\htdocs\eliteShop\wp-content\themes\flatsome-child\functions.php:20) in C:\xampp\htdocs\eliteShop\wp-content\themes\flatsome-child\functions.php on line 107

2020-04-02T03:20:03+00:00 CRITICAL Cannot redeclare ux_builder_box_banner_ele() (previously declared in C:\xampp\htdocs\eliteShop\wp-content\themes\flatsome-child\functions.php:20) in C:\xampp\htdocs\eliteShop\wp-content\themes\flatsome-child\functions.php on line 107

2020-04-02T03:20:18+00:00 CRITICAL Cannot redeclare ux_builder_box_banner_ele() (previously declared in C:\xampp\htdocs\eliteShop\wp-content\themes\flatsome-child\functions.php:20) in C:\xampp\htdocs\eliteShop\wp-content\themes\flatsome-child\functions.php on line 107

2020-04-02T03:32:48+00:00 CRITICAL syntax error, unexpected '(', expecting variable (T_VARIABLE) or '{' or '$' in C:\xampp\htdocs\eliteShop\wp-content\themes\flatsome-child\functions.php on line 15

2020-04-02T03:33:31+00:00 CRITICAL syntax error, unexpected '(', expecting variable (T_VARIABLE) or '{' or '$' in C:\xampp\htdocs\eliteShop\wp-content\themes\flatsome-child\functions.php on line 15

2020-04-02T03:33:32+00:00 CRITICAL syntax error, unexpected '(', expecting variable (T_VARIABLE) or '{' or '$' in C:\xampp\htdocs\eliteShop\wp-content\themes\flatsome-child\functions.php on line 15

2020-04-02T04:17:06+00:00 CRITICAL syntax error, unexpected ''link'' (T_CONSTANT_ENCAPSED_STRING), expecting ')' in C:\xampp\htdocs\eliteShop\wp-content\themes\flatsome-child\functions.php on line 63

2020-04-02T04:36:50+00:00 CRITICAL syntax error, unexpected 'foreach' (T_FOREACH) in C:\xampp\htdocs\eliteShop\wp-content\themes\flatsome-child\functions.php on line 151

2020-04-02T04:36:51+00:00 CRITICAL syntax error, unexpected 'foreach' (T_FOREACH) in C:\xampp\htdocs\eliteShop\wp-content\themes\flatsome-child\functions.php on line 151

2020-04-02T04:36:51+00:00 CRITICAL syntax error, unexpected 'foreach' (T_FOREACH) in C:\xampp\htdocs\eliteShop\wp-content\themes\flatsome-child\functions.php on line 151

2020-04-02T04:36:51+00:00 CRITICAL syntax error, unexpected 'foreach' (T_FOREACH) in C:\xampp\htdocs\eliteShop\wp-content\themes\flatsome-child\functions.php on line 151

2020-04-02T04:37:05+00:00 CRITICAL syntax error, unexpected 'foreach' (T_FOREACH) in C:\xampp\htdocs\eliteShop\wp-content\themes\flatsome-child\functions.php on line 151

2020-04-02T04:37:24+00:00 CRITICAL syntax error, unexpected 'foreach' (T_FOREACH) in C:\xampp\htdocs\eliteShop\wp-content\themes\flatsome-child\functions.php on line 151

2020-04-02T04:37:26+00:00 CRITICAL syntax error, unexpected 'foreach' (T_FOREACH) in C:\xampp\htdocs\eliteShop\wp-content\themes\flatsome-child\functions.php on line 151

2020-04-02T04:37:34+00:00 CRITICAL syntax error, unexpected 'foreach' (T_FOREACH) in C:\xampp\htdocs\eliteShop\wp-content\themes\flatsome-child\functions.php on line 151

2020-04-02T04:42:16+00:00 CRITICAL syntax error, unexpected 'if' (T_IF) in C:\xampp\htdocs\eliteShop\wp-content\themes\flatsome-child\functions.php on line 153

2020-04-02T04:55:07+00:00 CRITICAL syntax error, unexpected 'var' (T_VAR) in C:\xampp\htdocs\eliteShop\wp-content\themes\flatsome-child\functions.php on line 211

2020-04-02T06:49:26+00:00 CRITICAL syntax error, unexpected 'limit' (T_STRING), expecting ']' in C:\xampp\htdocs\eliteShop\wp-content\themes\flatsome-child\functions.php on line 226

2020-04-02T06:49:27+00:00 CRITICAL syntax error, unexpected 'limit' (T_STRING), expecting ']' in C:\xampp\htdocs\eliteShop\wp-content\themes\flatsome-child\functions.php on line 226

2020-04-02T06:49:27+00:00 CRITICAL syntax error, unexpected 'limit' (T_STRING), expecting ']' in C:\xampp\htdocs\eliteShop\wp-content\themes\flatsome-child\functions.php on line 226

2020-04-02T06:49:28+00:00 CRITICAL syntax error, unexpected 'limit' (T_STRING), expecting ']' in C:\xampp\htdocs\eliteShop\wp-content\themes\flatsome-child\functions.php on line 226

2020-04-02T06:50:20+00:00 CRITICAL syntax error, unexpected 'limit' (T_STRING), expecting ']' in C:\xampp\htdocs\eliteShop\wp-content\themes\flatsome-child\functions.php on line 226

2020-04-02T06:50:26+00:00 CRITICAL syntax error, unexpected 'limit' (T_STRING), expecting ']' in C:\xampp\htdocs\eliteShop\wp-content\themes\flatsome-child\functions.php on line 226

2020-04-02T06:50:27+00:00 CRITICAL syntax error, unexpected 'limit' (T_STRING), expecting ']' in C:\xampp\htdocs\eliteShop\wp-content\themes\flatsome-child\functions.php on line 226

2020-04-02T06:50:27+00:00 CRITICAL syntax error, unexpected 'limit' (T_STRING), expecting ']' in C:\xampp\htdocs\eliteShop\wp-content\themes\flatsome-child\functions.php on line 226

2020-04-02T06:50:30+00:00 CRITICAL syntax error, unexpected 'limit' (T_STRING), expecting ']' in C:\xampp\htdocs\eliteShop\wp-content\themes\flatsome-child\functions.php on line 226

2020-04-02T06:50:36+00:00 CRITICAL syntax error, unexpected 'limit' (T_STRING), expecting ']' in C:\xampp\htdocs\eliteShop\wp-content\themes\flatsome-child\functions.php on line 226

2020-04-02T06:50:38+00:00 CRITICAL syntax error, unexpected 'limit' (T_STRING), expecting ']' in C:\xampp\htdocs\eliteShop\wp-content\themes\flatsome-child\functions.php on line 226

2020-04-02T07:47:32+00:00 CRITICAL syntax error, unexpected '.' in C:\xampp\htdocs\eliteShop\wp-content\themes\flatsome-child\woocommerce\content-product.php on line 75

2020-04-02T07:47:49+00:00 CRITICAL syntax error, unexpected 'echo' (T_ECHO), expecting ',' or ';' in C:\xampp\htdocs\eliteShop\wp-content\themes\flatsome-child\woocommerce\content-product.php on line 77

2020-04-02T12:36:25+00:00 CRITICAL syntax error, unexpected 'woocommerce_template_loop_add_' (T_STRING), expecting ',' or ';' in C:\xampp\htdocs\eliteShop\wp-content\themes\flatsome-child\woocommerce\content-product.php on line 87

2020-04-02T12:36:33+00:00 CRITICAL syntax error, unexpected 'echo' (T_ECHO), expecting ',' or ';' in C:\xampp\htdocs\eliteShop\wp-content\themes\flatsome-child\woocommerce\content-product.php on line 87

