2020-04-03T04:18:37+00:00 CRITICAL Cannot redeclare ux_builder_box_new_arrivals_func() (previously declared in C:\xampp\htdocs\eliteShop\wp-content\themes\flatsome-child\functions.php:207) in C:\xampp\htdocs\eliteShop\wp-content\themes\flatsome-child\functions.php on line 305

2020-04-03T04:18:39+00:00 CRITICAL Cannot redeclare ux_builder_box_new_arrivals_func() (previously declared in C:\xampp\htdocs\eliteShop\wp-content\themes\flatsome-child\functions.php:207) in C:\xampp\htdocs\eliteShop\wp-content\themes\flatsome-child\functions.php on line 305

2020-04-03T07:05:03+00:00 CRITICAL Uncaught Error: Class name must be a valid object or a string in C:\xampp\htdocs\eliteShop\wp-content\themes\flatsome\inc\builder\core\server\src\Options\Options.php:33
Stack trace:
#0 C:\xampp\htdocs\eliteShop\wp-content\themes\flatsome\inc\builder\core\server\src\Options\Options.php(24): UxBuilder\Options\Options->create('link', Array)
#1 C:\xampp\htdocs\eliteShop\wp-content\themes\flatsome\inc\builder\core\server\src\Elements\Element.php(14): UxBuilder\Options\Options->__construct(Array)
#2 C:\xampp\htdocs\eliteShop\wp-content\themes\flatsome\inc\builder\core\server\src\Collections\Elements.php(184): UxBuilder\Elements\Element->__construct('box_container', Array)
#3 C:\xampp\htdocs\eliteShop\wp-content\themes\flatsome\inc\builder\core\server\actions\editor.php(158): UxBuilder\Collections\Elements->to_array()
#4 C:\xampp\htdocs\eliteShop\wp-content\themes\flatsome\inc\builder\core\server\actions\editor.php(47): ux_builder_editor_data()
#5 C:\xampp\htdocs\eliteShop\wp-content\themes\flatsome\inc\builder\core in C:\xampp\htdocs\eliteShop\wp-content\themes\flatsome\inc\builder\core\server\src\Options\Options.php on line 33

2020-04-03T07:09:28+00:00 CRITICAL Uncaught Error: Call to undefined function flatsome_ux_builder_template() in C:\xampp\htdocs\eliteShop\wp-content\themes\flatsome-child\functions.php:390
Stack trace:
#0 C:\xampp\htdocs\eliteShop\wp-includes\class-wp-hook.php(287): ux_builder_box_container_ele('')
#1 C:\xampp\htdocs\eliteShop\wp-includes\class-wp-hook.php(311): WP_Hook->apply_filters(NULL, Array)
#2 C:\xampp\htdocs\eliteShop\wp-includes\plugin.php(478): WP_Hook->do_action(Array)
#3 C:\xampp\htdocs\eliteShop\wp-content\themes\flatsome\inc\builder\core\server\src\Application.php(63): do_action('ux_builder_setu...')
#4 C:\xampp\htdocs\eliteShop\wp-includes\class-wp-hook.php(287): UxBuilder\Application->initialize('')
#5 C:\xampp\htdocs\eliteShop\wp-includes\class-wp-hook.php(311): WP_Hook->apply_filters(NULL, Array)
#6 C:\xampp\htdocs\eliteShop\wp-includes\plugin.php(478): WP_Hook->do_action(Array)
#7 C:\xampp\htdocs\eliteShop\wp-settings.php(540): do_action('init')
#8 C:\xampp\htdocs\eliteShop\wp-config.php(90): require_once('C:\\xampp\\htdocs. in C:\xampp\htdocs\eliteShop\wp-content\themes\flatsome-child\functions.php on line 390

2020-04-03T07:43:13+00:00 CRITICAL syntax error, unexpected '}' in C:\xampp\htdocs\eliteShop\wp-content\themes\flatsome-child\functions.php on line 432

2020-04-03T07:43:55+00:00 CRITICAL syntax error, unexpected '}' in C:\xampp\htdocs\eliteShop\wp-content\themes\flatsome-child\functions.php on line 432

2020-04-03T07:43:57+00:00 CRITICAL syntax error, unexpected '}' in C:\xampp\htdocs\eliteShop\wp-content\themes\flatsome-child\functions.php on line 432

2020-04-03T07:43:58+00:00 CRITICAL syntax error, unexpected '}' in C:\xampp\htdocs\eliteShop\wp-content\themes\flatsome-child\functions.php on line 432

2020-04-03T07:44:57+00:00 CRITICAL syntax error, unexpected '}' in C:\xampp\htdocs\eliteShop\wp-content\themes\flatsome-child\functions.php on line 432

2020-04-03T07:44:58+00:00 CRITICAL syntax error, unexpected '}' in C:\xampp\htdocs\eliteShop\wp-content\themes\flatsome-child\functions.php on line 432

2020-04-03T07:45:13+00:00 CRITICAL syntax error, unexpected '}' in C:\xampp\htdocs\eliteShop\wp-content\themes\flatsome-child\functions.php on line 432

2020-04-03T07:45:55+00:00 CRITICAL syntax error, unexpected '}' in C:\xampp\htdocs\eliteShop\wp-content\themes\flatsome-child\functions.php on line 432

2020-04-03T07:46:18+00:00 CRITICAL syntax error, unexpected '}' in C:\xampp\htdocs\eliteShop\wp-content\themes\flatsome-child\functions.php on line 432

2020-04-03T07:46:18+00:00 CRITICAL syntax error, unexpected '}' in C:\xampp\htdocs\eliteShop\wp-content\themes\flatsome-child\functions.php on line 432

2020-04-03T07:46:19+00:00 CRITICAL syntax error, unexpected '}' in C:\xampp\htdocs\eliteShop\wp-content\themes\flatsome-child\functions.php on line 432

2020-04-03T13:40:30+00:00 CRITICAL Cannot redeclare ux_builder_list_menu_ele() (previously declared in C:\xampp\htdocs\eliteShop\wp-content\themes\flatsome-child\functions.php:426) in C:\xampp\htdocs\eliteShop\wp-content\themes\flatsome-child\functions.php on line 491

2020-04-03T13:40:32+00:00 CRITICAL Cannot redeclare ux_builder_list_menu_ele() (previously declared in C:\xampp\htdocs\eliteShop\wp-content\themes\flatsome-child\functions.php:426) in C:\xampp\htdocs\eliteShop\wp-content\themes\flatsome-child\functions.php on line 491

2020-04-03T13:40:37+00:00 CRITICAL Cannot redeclare ux_builder_list_menu_ele() (previously declared in C:\xampp\htdocs\eliteShop\wp-content\themes\flatsome-child\functions.php:426) in C:\xampp\htdocs\eliteShop\wp-content\themes\flatsome-child\functions.php on line 491

2020-04-03T13:40:37+00:00 CRITICAL Cannot redeclare ux_builder_list_menu_ele() (previously declared in C:\xampp\htdocs\eliteShop\wp-content\themes\flatsome-child\functions.php:426) in C:\xampp\htdocs\eliteShop\wp-content\themes\flatsome-child\functions.php on line 491

2020-04-03T13:42:31+00:00 CRITICAL Cannot redeclare ux_builder_list_menu_ele() (previously declared in C:\xampp\htdocs\eliteShop\wp-content\themes\flatsome-child\functions.php:426) in C:\xampp\htdocs\eliteShop\wp-content\themes\flatsome-child\functions.php on line 491

2020-04-03T13:42:32+00:00 CRITICAL Cannot redeclare ux_builder_list_menu_ele() (previously declared in C:\xampp\htdocs\eliteShop\wp-content\themes\flatsome-child\functions.php:426) in C:\xampp\htdocs\eliteShop\wp-content\themes\flatsome-child\functions.php on line 491

2020-04-03T13:42:38+00:00 CRITICAL Cannot redeclare ux_builder_list_menu_ele() (previously declared in C:\xampp\htdocs\eliteShop\wp-content\themes\flatsome-child\functions.php:426) in C:\xampp\htdocs\eliteShop\wp-content\themes\flatsome-child\functions.php on line 491

2020-04-03T13:42:38+00:00 CRITICAL Cannot redeclare ux_builder_list_menu_ele() (previously declared in C:\xampp\htdocs\eliteShop\wp-content\themes\flatsome-child\functions.php:426) in C:\xampp\htdocs\eliteShop\wp-content\themes\flatsome-child\functions.php on line 491

