2021-12-24T01:37:10+00:00 CRITICAL Uncaught Error: Call to a member function have_posts() on null in /var/www/eliteShop/wp-content/themes/flatsome-child/template-parts/posts/layout-right-sidebar.php:15
Stack trace:
#0 /var/www/eliteShop/wp-includes/template.php(725): require()
#1 /var/www/eliteShop/wp-includes/template.php(672): load_template('/var/www/eliteS...', false)
#2 /var/www/eliteShop/wp-includes/general-template.php(168): locate_template(Array, true, false)
#3 /var/www/eliteShop/wp-content/themes/flatsome/index.php(13): get_template_part('template-parts/...', 'right-sidebar')
#4 /var/www/eliteShop/wp-includes/template-loader.php(106): include('/var/www/eliteS...')
#5 /var/www/eliteShop/wp-blog-header.php(19): require_once('/var/www/eliteS...')
#6 /var/www/eliteShop/index.php(17): require('/var/www/eliteS...')
#7 {main}
  thrown in /var/www/eliteShop/wp-content/themes/flatsome-child/template-parts/posts/layout-right-sidebar.php on line 15

2021-12-24T03:01:56+00:00 CRITICAL Uncaught Error: Call to a member function have_posts() on null in /var/www/eliteShop/wp-content/themes/flatsome-child/template-parts/posts/layout-right-sidebar.php:15
Stack trace:
#0 /var/www/eliteShop/wp-includes/template.php(725): require()
#1 /var/www/eliteShop/wp-includes/template.php(672): load_template('/var/www/eliteS...', false)
#2 /var/www/eliteShop/wp-includes/general-template.php(168): locate_template(Array, true, false)
#3 /var/www/eliteShop/wp-content/themes/flatsome/index.php(13): get_template_part('template-parts/...', 'right-sidebar')
#4 /var/www/eliteShop/wp-includes/template-loader.php(106): include('/var/www/eliteS...')
#5 /var/www/eliteShop/wp-blog-header.php(19): require_once('/var/www/eliteS...')
#6 /var/www/eliteShop/index.php(17): require('/var/www/eliteS...')
#7 {main}
  thrown in /var/www/eliteShop/wp-content/themes/flatsome-child/template-parts/posts/layout-right-sidebar.php on line 15

2021-12-24T05:18:59+00:00 CRITICAL Uncaught Error: Call to a member function have_posts() on null in /var/www/eliteShop/wp-content/themes/flatsome-child/template-parts/posts/layout-right-sidebar.php:15
Stack trace:
#0 /var/www/eliteShop/wp-includes/template.php(725): require()
#1 /var/www/eliteShop/wp-includes/template.php(672): load_template('/var/www/eliteS...', false)
#2 /var/www/eliteShop/wp-includes/general-template.php(168): locate_template(Array, true, false)
#3 /var/www/eliteShop/wp-content/themes/flatsome/index.php(13): get_template_part('template-parts/...', 'right-sidebar')
#4 /var/www/eliteShop/wp-includes/template-loader.php(106): include('/var/www/eliteS...')
#5 /var/www/eliteShop/wp-blog-header.php(19): require_once('/var/www/eliteS...')
#6 /var/www/eliteShop/index.php(17): require('/var/www/eliteS...')
#7 {main}
  thrown in /var/www/eliteShop/wp-content/themes/flatsome-child/template-parts/posts/layout-right-sidebar.php on line 15

2021-12-24T06:46:05+00:00 CRITICAL Uncaught Error: Call to a member function have_posts() on null in /var/www/eliteShop/wp-content/themes/flatsome-child/template-parts/posts/layout-right-sidebar.php:15
Stack trace:
#0 /var/www/eliteShop/wp-includes/template.php(725): require()
#1 /var/www/eliteShop/wp-includes/template.php(672): load_template('/var/www/eliteS...', false)
#2 /var/www/eliteShop/wp-includes/general-template.php(168): locate_template(Array, true, false)
#3 /var/www/eliteShop/wp-content/themes/flatsome/index.php(13): get_template_part('template-parts/...', 'right-sidebar')
#4 /var/www/eliteShop/wp-includes/template-loader.php(106): include('/var/www/eliteS...')
#5 /var/www/eliteShop/wp-blog-header.php(19): require_once('/var/www/eliteS...')
#6 /var/www/eliteShop/index.php(17): require('/var/www/eliteS...')
#7 {main}
  thrown in /var/www/eliteShop/wp-content/themes/flatsome-child/template-parts/posts/layout-right-sidebar.php on line 15

2021-12-24T06:49:58+00:00 CRITICAL Uncaught Error: Call to a member function have_posts() on null in /var/www/eliteShop/wp-content/themes/flatsome-child/template-parts/posts/layout-right-sidebar.php:15
Stack trace:
#0 /var/www/eliteShop/wp-includes/template.php(725): require()
#1 /var/www/eliteShop/wp-includes/template.php(672): load_template('/var/www/eliteS...', false)
#2 /var/www/eliteShop/wp-includes/general-template.php(168): locate_template(Array, true, false)
#3 /var/www/eliteShop/wp-content/themes/flatsome/index.php(13): get_template_part('template-parts/...', 'right-sidebar')
#4 /var/www/eliteShop/wp-includes/template-loader.php(106): include('/var/www/eliteS...')
#5 /var/www/eliteShop/wp-blog-header.php(19): require_once('/var/www/eliteS...')
#6 /var/www/eliteShop/index.php(17): require('/var/www/eliteS...')
#7 {main}
  thrown in /var/www/eliteShop/wp-content/themes/flatsome-child/template-parts/posts/layout-right-sidebar.php on line 15

2021-12-24T11:01:04+00:00 CRITICAL Uncaught Error: Call to a member function have_posts() on null in /var/www/eliteShop/wp-content/themes/flatsome-child/template-parts/posts/layout-right-sidebar.php:15
Stack trace:
#0 /var/www/eliteShop/wp-includes/template.php(725): require()
#1 /var/www/eliteShop/wp-includes/template.php(672): load_template('/var/www/eliteS...', false)
#2 /var/www/eliteShop/wp-includes/general-template.php(168): locate_template(Array, true, false)
#3 /var/www/eliteShop/wp-content/themes/flatsome/index.php(13): get_template_part('template-parts/...', 'right-sidebar')
#4 /var/www/eliteShop/wp-includes/template-loader.php(106): include('/var/www/eliteS...')
#5 /var/www/eliteShop/wp-blog-header.php(19): require_once('/var/www/eliteS...')
#6 /var/www/eliteShop/index.php(17): require('/var/www/eliteS...')
#7 {main}
  thrown in /var/www/eliteShop/wp-content/themes/flatsome-child/template-parts/posts/layout-right-sidebar.php on line 15

2021-12-24T15:08:21+00:00 CRITICAL Uncaught Error: Call to a member function have_posts() on null in /var/www/eliteShop/wp-content/themes/flatsome-child/template-parts/posts/layout-right-sidebar.php:15
Stack trace:
#0 /var/www/eliteShop/wp-includes/template.php(725): require()
#1 /var/www/eliteShop/wp-includes/template.php(672): load_template('/var/www/eliteS...', false)
#2 /var/www/eliteShop/wp-includes/general-template.php(168): locate_template(Array, true, false)
#3 /var/www/eliteShop/wp-content/themes/flatsome/index.php(13): get_template_part('template-parts/...', 'right-sidebar')
#4 /var/www/eliteShop/wp-includes/template-loader.php(106): include('/var/www/eliteS...')
#5 /var/www/eliteShop/wp-blog-header.php(19): require_once('/var/www/eliteS...')
#6 /var/www/eliteShop/index.php(17): require('/var/www/eliteS...')
#7 {main}
  thrown in /var/www/eliteShop/wp-content/themes/flatsome-child/template-parts/posts/layout-right-sidebar.php on line 15

2021-12-24T15:11:38+00:00 CRITICAL Uncaught Error: Call to a member function have_posts() on null in /var/www/eliteShop/wp-content/themes/flatsome-child/template-parts/posts/layout-right-sidebar.php:15
Stack trace:
#0 /var/www/eliteShop/wp-includes/template.php(725): require()
#1 /var/www/eliteShop/wp-includes/template.php(672): load_template('/var/www/eliteS...', false)
#2 /var/www/eliteShop/wp-includes/general-template.php(168): locate_template(Array, true, false)
#3 /var/www/eliteShop/wp-content/themes/flatsome/index.php(13): get_template_part('template-parts/...', 'right-sidebar')
#4 /var/www/eliteShop/wp-includes/template-loader.php(106): include('/var/www/eliteS...')
#5 /var/www/eliteShop/wp-blog-header.php(19): require_once('/var/www/eliteS...')
#6 /var/www/eliteShop/index.php(17): require('/var/www/eliteS...')
#7 {main}
  thrown in /var/www/eliteShop/wp-content/themes/flatsome-child/template-parts/posts/layout-right-sidebar.php on line 15

2021-12-24T15:32:57+00:00 CRITICAL Uncaught Error: Call to a member function have_posts() on null in /var/www/eliteShop/wp-content/themes/flatsome-child/template-parts/posts/layout-right-sidebar.php:15
Stack trace:
#0 /var/www/eliteShop/wp-includes/template.php(725): require()
#1 /var/www/eliteShop/wp-includes/template.php(672): load_template('/var/www/eliteS...', false)
#2 /var/www/eliteShop/wp-includes/general-template.php(168): locate_template(Array, true, false)
#3 /var/www/eliteShop/wp-content/themes/flatsome/index.php(13): get_template_part('template-parts/...', 'right-sidebar')
#4 /var/www/eliteShop/wp-includes/template-loader.php(106): include('/var/www/eliteS...')
#5 /var/www/eliteShop/wp-blog-header.php(19): require_once('/var/www/eliteS...')
#6 /var/www/eliteShop/index.php(17): require('/var/www/eliteS...')
#7 {main}
  thrown in /var/www/eliteShop/wp-content/themes/flatsome-child/template-parts/posts/layout-right-sidebar.php on line 15

2021-12-24T16:36:09+00:00 CRITICAL Uncaught Error: Call to a member function have_posts() on null in /var/www/eliteShop/wp-content/themes/flatsome-child/template-parts/posts/layout-right-sidebar.php:15
Stack trace:
#0 /var/www/eliteShop/wp-includes/template.php(725): require()
#1 /var/www/eliteShop/wp-includes/template.php(672): load_template('/var/www/eliteS...', false)
#2 /var/www/eliteShop/wp-includes/general-template.php(168): locate_template(Array, true, false)
#3 /var/www/eliteShop/wp-content/themes/flatsome/index.php(13): get_template_part('template-parts/...', 'right-sidebar')
#4 /var/www/eliteShop/wp-includes/template-loader.php(106): include('/var/www/eliteS...')
#5 /var/www/eliteShop/wp-blog-header.php(19): require_once('/var/www/eliteS...')
#6 /var/www/eliteShop/index.php(17): require('/var/www/eliteS...')
#7 {main}
  thrown in /var/www/eliteShop/wp-content/themes/flatsome-child/template-parts/posts/layout-right-sidebar.php on line 15

2021-12-24T19:22:53+00:00 CRITICAL Uncaught Error: Call to a member function have_posts() on null in /var/www/eliteShop/wp-content/themes/flatsome-child/template-parts/posts/layout-right-sidebar.php:15
Stack trace:
#0 /var/www/eliteShop/wp-includes/template.php(725): require()
#1 /var/www/eliteShop/wp-includes/template.php(672): load_template('/var/www/eliteS...', false)
#2 /var/www/eliteShop/wp-includes/general-template.php(168): locate_template(Array, true, false)
#3 /var/www/eliteShop/wp-content/themes/flatsome/index.php(13): get_template_part('template-parts/...', 'right-sidebar')
#4 /var/www/eliteShop/wp-includes/template-loader.php(106): include('/var/www/eliteS...')
#5 /var/www/eliteShop/wp-blog-header.php(19): require_once('/var/www/eliteS...')
#6 /var/www/eliteShop/index.php(17): require('/var/www/eliteS...')
#7 {main}
  thrown in /var/www/eliteShop/wp-content/themes/flatsome-child/template-parts/posts/layout-right-sidebar.php on line 15

2021-12-24T20:37:58+00:00 CRITICAL Uncaught Error: Call to a member function have_posts() on null in /var/www/eliteShop/wp-content/themes/flatsome-child/template-parts/posts/layout-right-sidebar.php:15
Stack trace:
#0 /var/www/eliteShop/wp-includes/template.php(725): require()
#1 /var/www/eliteShop/wp-includes/template.php(672): load_template('/var/www/eliteS...', false)
#2 /var/www/eliteShop/wp-includes/general-template.php(168): locate_template(Array, true, false)
#3 /var/www/eliteShop/wp-content/themes/flatsome/index.php(13): get_template_part('template-parts/...', 'right-sidebar')
#4 /var/www/eliteShop/wp-includes/template-loader.php(106): include('/var/www/eliteS...')
#5 /var/www/eliteShop/wp-blog-header.php(19): require_once('/var/www/eliteS...')
#6 /var/www/eliteShop/index.php(17): require('/var/www/eliteS...')
#7 {main}
  thrown in /var/www/eliteShop/wp-content/themes/flatsome-child/template-parts/posts/layout-right-sidebar.php on line 15

2021-12-24T23:29:48+00:00 CRITICAL Uncaught Error: Call to a member function have_posts() on null in /var/www/eliteShop/wp-content/themes/flatsome-child/template-parts/posts/layout-right-sidebar.php:15
Stack trace:
#0 /var/www/eliteShop/wp-includes/template.php(725): require()
#1 /var/www/eliteShop/wp-includes/template.php(672): load_template('/var/www/eliteS...', false)
#2 /var/www/eliteShop/wp-includes/general-template.php(168): locate_template(Array, true, false)
#3 /var/www/eliteShop/wp-content/themes/flatsome/index.php(13): get_template_part('template-parts/...', 'right-sidebar')
#4 /var/www/eliteShop/wp-includes/template-loader.php(106): include('/var/www/eliteS...')
#5 /var/www/eliteShop/wp-blog-header.php(19): require_once('/var/www/eliteS...')
#6 /var/www/eliteShop/index.php(17): require('/var/www/eliteS...')
#7 {main}
  thrown in /var/www/eliteShop/wp-content/themes/flatsome-child/template-parts/posts/layout-right-sidebar.php on line 15

2021-12-24T23:29:56+00:00 CRITICAL Uncaught Error: Call to a member function have_posts() on null in /var/www/eliteShop/wp-content/themes/flatsome-child/template-parts/posts/layout-right-sidebar.php:15
Stack trace:
#0 /var/www/eliteShop/wp-includes/template.php(725): require()
#1 /var/www/eliteShop/wp-includes/template.php(672): load_template('/var/www/eliteS...', false)
#2 /var/www/eliteShop/wp-includes/general-template.php(168): locate_template(Array, true, false)
#3 /var/www/eliteShop/wp-content/themes/flatsome/index.php(13): get_template_part('template-parts/...', 'right-sidebar')
#4 /var/www/eliteShop/wp-includes/template-loader.php(106): include('/var/www/eliteS...')
#5 /var/www/eliteShop/wp-blog-header.php(19): require_once('/var/www/eliteS...')
#6 /var/www/eliteShop/index.php(17): require('/var/www/eliteS...')
#7 {main}
  thrown in /var/www/eliteShop/wp-content/themes/flatsome-child/template-parts/posts/layout-right-sidebar.php on line 15

